{"name": "test_navigate_to_sign_in_page_and_sign_in", "status": "broken", "statusDetails": {"message": "selenium.common.exceptions.InvalidArgumentException: Message: invalid argument: invalid element id\n  (Session info: chrome=133.0.6943.54)\nStacktrace:\n0   chromedriver                        0x00000001046babac cxxbridge1$str$ptr + 2724820\n1   chromedriver                        0x00000001046b320c cxxbridge1$str$ptr + 2693684\n2   chromedriver                        0x0000000104219afc cxxbridge1$string$len + 93348\n3   chromedriver                        0x000000010422a178 cxxbridge1$string$len + 160544\n4   chromedriver                        0x0000000104229108 cxxbridge1$string$len + 156336\n5   chromedriver                        0x0000000104220110 cxxbridge1$string$len + 119480\n6   chromedriver                        0x000000010422021c cxxbridge1$string$len + 119748\n7   chromedriver                        0x000000010421e7b0 cxxbridge1$string$len + 112984\n8   chromedriver                        0x0000000104221b64 cxxbridge1$string$len + 126220\n9   chromedriver                        0x00000001042a2960 cxxbridge1$string$len + 654088\n10  chromedriver                        0x00000001042a1b94 cxxbridge1$string$len + 650556\n11  chromedriver                        0x0000000104254ba0 cxxbridge1$string$len + 335176\n12  chromedriver                        0x0000000104683664 cxxbridge1$str$ptr + 2498188\n13  chromedriver                        0x0000000104686978 cxxbridge1$str$ptr + 2511264\n14  chromedriver                        0x0000000104668d04 cxxbridge1$str$ptr + 2389292\n15  chromedriver                        0x0000000104687220 cxxbridge1$str$ptr + 2513480\n16  chromedriver                        0x0000000104659cec cxxbridge1$str$ptr + 2327828\n17  chromedriver                        0x00000001046a38d4 cxxbridge1$str$ptr + 2629884\n18  chromedriver                        0x00000001046a3a5c cxxbridge1$str$ptr + 2630276\n19  chromedriver                        0x00000001046b2e80 cxxbridge1$str$ptr + 2692776\n20  libsystem_pthread.dylib             0x00000001920e02e4 _pthread_start + 136\n21  libsystem_pthread.dylib             0x00000001920db0fc thread_start + 8", "trace": "self = <lesson_28.tests.test_automation.TestAutomation object at 0x105659bb0>\nweb_driver_creation = <selenium.webdriver.chrome.webdriver.WebDriver (session=\"8834d738da4e7ae98e5cc143a62a7146\")>\n\n    @allure.story(\"Go to SignUn page and sign up\")\n    def test_navigate_to_sign_in_page_and_sign_in(self, web_driver_creation):\n        self.main_page = MainPage(web_driver_creation)\n        self.main_page.go_to_signup_and_login_page()\n        self.signup_and_login_page = SignUpAndLoginPage(web_driver_creation)\n        self.signup_and_login_page.fill_sign_up_fields_and_sign_up(TestData.USER_VALID_NAME, TestData.USER_VALID_EMAIL)\n        self.signup_page = SignUpPage(web_driver_creation)\n>       self.signup_page.verify_that_user_is_placed_on_sign_up_page()\n\ntest_automation.py:41: \n_ _ _ _ _ _ _ _ _ _ _ _ _ _ _ _ _ _ _ _ _ _ _ _ _ _ _ _ _ _ _ _ _ _ _ _ _ _ _ _ \n../core/pages/sign_up_page.py:23: in verify_that_user_is_placed_on_sign_up_page\n    assert_that(self.sign_up_page_element.is_displayed()).is_true()\n../../.venv/lib/python3.12/site-packages/selenium/webdriver/remote/webelement.py:252: in is_displayed\n    return self.parent.execute_script(f\"/* isDisplayed */return ({isDisplayed_js}).apply(null, arguments);\", self)\n../../.venv/lib/python3.12/site-packages/selenium/webdriver/remote/webdriver.py:414: in execute_script\n    return self.execute(command, {\"script\": script, \"args\": converted_args})[\"value\"]\n../../.venv/lib/python3.12/site-packages/selenium/webdriver/remote/webdriver.py:354: in execute\n    self.error_handler.check_response(response)\n_ _ _ _ _ _ _ _ _ _ _ _ _ _ _ _ _ _ _ _ _ _ _ _ _ _ _ _ _ _ _ _ _ _ _ _ _ _ _ _ \n\nself = <selenium.webdriver.remote.errorhandler.ErrorHandler object at 0x105aa8410>\nresponse = {'status': 400, 'value': '{\"value\":{\"error\":\"invalid argument\",\"message\":\"invalid argument: invalid element id\\\\n  (Se...0001920e02e4 _pthread_start + 136\\\\n21  libsystem_pthread.dylib             0x00000001920db0fc thread_start + 8\\\\n\"}}'}\n\n    def check_response(self, response: Dict[str, Any]) -> None:\n        \"\"\"Checks that a JSON response from the WebDriver does not have an\n        error.\n    \n        :Args:\n         - response - The JSON response from the WebDriver server as a dictionary\n           object.\n    \n        :Raises: If the response contains an error message.\n        \"\"\"\n        status = response.get(\"status\", None)\n        if not status or status == ErrorCode.SUCCESS:\n            return\n        value = None\n        message = response.get(\"message\", \"\")\n        screen: str = response.get(\"screen\", \"\")\n        stacktrace = None\n        if isinstance(status, int):\n            value_json = response.get(\"value\", None)\n            if value_json and isinstance(value_json, str):\n                import json\n    \n                try:\n                    value = json.loads(value_json)\n                    if len(value) == 1:\n                        value = value[\"value\"]\n                    status = value.get(\"error\", None)\n                    if not status:\n                        status = value.get(\"status\", ErrorCode.UNKNOWN_ERROR)\n                        message = value.get(\"value\") or value.get(\"message\")\n                        if not isinstance(message, str):\n                            value = message\n                            message = message.get(\"message\")\n                    else:\n                        message = value.get(\"message\", None)\n                except ValueError:\n                    pass\n    \n        exception_class: Type[WebDriverException]\n        e = ErrorCode()\n        error_codes = [item for item in dir(e) if not item.startswith(\"__\")]\n        for error_code in error_codes:\n            error_info = getattr(ErrorCode, error_code)\n            if isinstance(error_info, list) and status in error_info:\n                exception_class = getattr(ExceptionMapping, error_code, WebDriverException)\n                break\n        else:\n            exception_class = WebDriverException\n    \n        if not value:\n            value = response[\"value\"]\n        if isinstance(value, str):\n            raise exception_class(value)\n        if message == \"\" and \"message\" in value:\n            message = value[\"message\"]\n    \n        screen = None  # type: ignore[assignment]\n        if \"screen\" in value:\n            screen = value[\"screen\"]\n    \n        stacktrace = None\n        st_value = value.get(\"stackTrace\") or value.get(\"stacktrace\")\n        if st_value:\n            if isinstance(st_value, str):\n                stacktrace = st_value.split(\"\\n\")\n            else:\n                stacktrace = []\n                try:\n                    for frame in st_value:\n                        line = frame.get(\"lineNumber\", \"\")\n                        file = frame.get(\"fileName\", \"<anonymous>\")\n                        if line:\n                            file = f\"{file}:{line}\"\n                        meth = frame.get(\"methodName\", \"<anonymous>\")\n                        if \"className\" in frame:\n                            meth = f\"{frame['className']}.{meth}\"\n                        msg = \"    at %s (%s)\"\n                        msg = msg % (meth, file)\n                        stacktrace.append(msg)\n                except TypeError:\n                    pass\n        if exception_class == UnexpectedAlertPresentException:\n            alert_text = None\n            if \"data\" in value:\n                alert_text = value[\"data\"].get(\"text\")\n            elif \"alert\" in value:\n                alert_text = value[\"alert\"].get(\"text\")\n            raise exception_class(message, screen, stacktrace, alert_text)  # type: ignore[call-arg]  # mypy is not smart enough here\n>       raise exception_class(message, screen, stacktrace)\nE       selenium.common.exceptions.InvalidArgumentException: Message: invalid argument: invalid element id\nE         (Session info: chrome=133.0.6943.54)\nE       Stacktrace:\nE       0   chromedriver                        0x00000001046babac cxxbridge1$str$ptr + 2724820\nE       1   chromedriver                        0x00000001046b320c cxxbridge1$str$ptr + 2693684\nE       2   chromedriver                        0x0000000104219afc cxxbridge1$string$len + 93348\nE       3   chromedriver                        0x000000010422a178 cxxbridge1$string$len + 160544\nE       4   chromedriver                        0x0000000104229108 cxxbridge1$string$len + 156336\nE       5   chromedriver                        0x0000000104220110 cxxbridge1$string$len + 119480\nE       6   chromedriver                        0x000000010422021c cxxbridge1$string$len + 119748\nE       7   chromedriver                        0x000000010421e7b0 cxxbridge1$string$len + 112984\nE       8   chromedriver                        0x0000000104221b64 cxxbridge1$string$len + 126220\nE       9   chromedriver                        0x00000001042a2960 cxxbridge1$string$len + 654088\nE       10  chromedriver                        0x00000001042a1b94 cxxbridge1$string$len + 650556\nE       11  chromedriver                        0x0000000104254ba0 cxxbridge1$string$len + 335176\nE       12  chromedriver                        0x0000000104683664 cxxbridge1$str$ptr + 2498188\nE       13  chromedriver                        0x0000000104686978 cxxbridge1$str$ptr + 2511264\nE       14  chromedriver                        0x0000000104668d04 cxxbridge1$str$ptr + 2389292\nE       15  chromedriver                        0x0000000104687220 cxxbridge1$str$ptr + 2513480\nE       16  chromedriver                        0x0000000104659cec cxxbridge1$str$ptr + 2327828\nE       17  chromedriver                        0x00000001046a38d4 cxxbridge1$str$ptr + 2629884\nE       18  chromedriver                        0x00000001046a3a5c cxxbridge1$str$ptr + 2630276\nE       19  chromedriver                        0x00000001046b2e80 cxxbridge1$str$ptr + 2692776\nE       20  libsystem_pthread.dylib             0x00000001920e02e4 _pthread_start + 136\nE       21  libsystem_pthread.dylib             0x00000001920db0fc thread_start + 8\n\n../../.venv/lib/python3.12/site-packages/selenium/webdriver/remote/errorhandler.py:229: InvalidArgumentException"}, "steps": [{"name": "Go to SignUp and LogIn page", "status": "passed", "start": 1739445312359, "stop": 1739445313527}, {"name": "Verify that user is placed on SignUp page", "status": "broken", "statusDetails": {"message": "selenium.common.exceptions.InvalidArgumentException: Message: invalid argument: invalid element id\n  (Session info: chrome=133.0.6943.54)\nStacktrace:\n0   chromedriver                        0x00000001046babac cxxbridge1$str$ptr + 2724820\n1   chromedriver                        0x00000001046b320c cxxbridge1$str$ptr + 2693684\n2   chromedriver                        0x0000000104219afc cxxbridge1$string$len + 93348\n3   chromedriver                        0x000000010422a178 cxxbridge1$string$len + 160544\n4   chromedriver                        0x0000000104229108 cxxbridge1$string$len + 156336\n5   chromedriver                        0x0000000104220110 cxxbridge1$string$len + 119480\n6   chromedriver                        0x000000010422021c cxxbridge1$string$len + 119748\n7   chromedriver                        0x000000010421e7b0 cxxbridge1$string$len + 112984\n8   chromedriver                        0x0000000104221b64 cxxbridge1$string$len + 126220\n9   chromedriver                        0x00000001042a2960 cxxbridge1$string$len + 654088\n10  chromedriver                        0x00000001042a1b94 cxxbridge1$string$len + 650556\n11  chromedriver                        0x0000000104254ba0 cxxbridge1$string$len + 335176\n12  chromedriver                        0x0000000104683664 cxxbridge1$str$ptr + 2498188\n13  chromedriver                        0x0000000104686978 cxxbridge1$str$ptr + 2511264\n14  chromedriver                        0x0000000104668d04 cxxbridge1$str$ptr + 2389292\n15  chromedriver                        0x0000000104687220 cxxbridge1$str$ptr + 2513480\n16  chromedriver                        0x0000000104659cec cxxbridge1$str$ptr + 2327828\n17  chromedriver                        0x00000001046a38d4 cxxbridge1$str$ptr + 2629884\n18  chromedriver                        0x00000001046a3a5c cxxbridge1$str$ptr + 2630276\n19  chromedriver                        0x00000001046b2e80 cxxbridge1$str$ptr + 2692776\n20  libsystem_pthread.dylib             0x00000001920e02e4 _pthread_start + 136\n21  libsystem_pthread.dylib             0x00000001920db0fc thread_start + 8\n\n", "trace": "  File \"/Users/serhii.ravliuk/PycharmProjects/Lesson_2_1/.venv/lib/python3.12/site-packages/allure_commons/_allure.py\", line 192, in impl\n    return func(*a, **kw)\n           ^^^^^^^^^^^^^^\n  File \"/Users/serhii.ravliuk/PycharmProjects/Lesson_2_1/lesson_28/core/pages/sign_up_page.py\", line 23, in verify_that_user_is_placed_on_sign_up_page\n    assert_that(self.sign_up_page_element.is_displayed()).is_true()\n                ^^^^^^^^^^^^^^^^^^^^^^^^^^^^^^^^^^^^^^^^\n  File \"/Users/serhii.ravliuk/PycharmProjects/Lesson_2_1/.venv/lib/python3.12/site-packages/selenium/webdriver/remote/webelement.py\", line 252, in is_displayed\n    return self.parent.execute_script(f\"/* isDisplayed */return ({isDisplayed_js}).apply(null, arguments);\", self)\n           ^^^^^^^^^^^^^^^^^^^^^^^^^^^^^^^^^^^^^^^^^^^^^^^^^^^^^^^^^^^^^^^^^^^^^^^^^^^^^^^^^^^^^^^^^^^^^^^^^^^^^^^\n  File \"/Users/serhii.ravliuk/PycharmProjects/Lesson_2_1/.venv/lib/python3.12/site-packages/selenium/webdriver/remote/webdriver.py\", line 414, in execute_script\n    return self.execute(command, {\"script\": script, \"args\": converted_args})[\"value\"]\n           ^^^^^^^^^^^^^^^^^^^^^^^^^^^^^^^^^^^^^^^^^^^^^^^^^^^^^^^^^^^^^^^^^\n  File \"/Users/serhii.ravliuk/PycharmProjects/Lesson_2_1/.venv/lib/python3.12/site-packages/selenium/webdriver/remote/webdriver.py\", line 354, in execute\n    self.error_handler.check_response(response)\n  File \"/Users/serhii.ravliuk/PycharmProjects/Lesson_2_1/.venv/lib/python3.12/site-packages/selenium/webdriver/remote/errorhandler.py\", line 229, in check_response\n    raise exception_class(message, screen, stacktrace)\n"}, "start": 1739445315096, "stop": 1739445315098}], "start": 1739445312359, "stop": 1739445315101, "uuid": "05ec9938-ba9c-4a0c-9c94-92235f6f9642", "historyId": "b5f5611c5acd41b1baf40f9833f30744", "testCaseId": "b5f5611c5acd41b1baf40f9833f30744", "fullName": "tests.test_automation.TestAutomation#test_navigate_to_sign_in_page_and_sign_in", "labels": [{"name": "feature", "value": "Testing Automation exercise cite"}, {"name": "story", "value": "Go to SignUn page and sign up"}, {"name": "parentSuite", "value": "tests"}, {"name": "suite", "value": "test_automation"}, {"name": "subSuite", "value": "TestAutomation"}, {"name": "host", "value": "MacBookAir"}, {"name": "thread", "value": "23524-MainThread"}, {"name": "framework", "value": "pytest"}, {"name": "language", "value": "cpython3"}, {"name": "package", "value": "tests.test_automation"}]}